# JRE version: Java(TM) SE Runtime Environment (21.0.1+12) (build 21.0.1+12-LTS-29)
# Java VM: Java HotSpot(TM) 64-Bit Server VM (21.0.1+12-LTS-29, mixed mode, sharing, tiered, compressed oops, compressed class ptrs, g1 gc, windows-amd64)
GC Precious Log:
 CardTable entry size: 512
 Card Set container configuration: InlinePtr #cards 4 size 8 Array Of Cards #cards 16 size 48 Howl #buckets 8 coarsen threshold 3686 Howl Bitmap #cards 512 size 80 coarsen threshold 460 Card regions per heap region 1 cards per card region 4096
 CPUs: 12 total, 12 available
 Memory: 16147M
 Large Page Support: Disabled
 NUMA Support: Disabled
 Compressed Oops: Enabled (Zero based)
 Heap Region Size: 2M
 Heap Min Capacity: 8M
 Heap Initial Capacity: 254M
 Heap Max Capacity: 4038M
 Pre-touch: Disabled
 Parallel Workers: 10
 Concurrent Workers: 3
 Concurrent Refinement Workers: 10
 Periodic GC: Disabled
Heap:
 garbage-first heap   total 260096K, used 118748K [0x0000000703a00000, 0x0000000800000000)
  region size 2048K, 54 young (110592K), 4 survivors (8192K)
 Metaspace       used 10154K, committed 10368K, reserved 1114112K
  class space    used 706K, committed 832K, reserved 1048576K
GC Heap History (20 events):
Event: 435.106 GC heap before
{Heap before GC invocations=7 (full 0):
 garbage-first heap   total 260096K, used 158692K [0x0000000703a00000, 0x0000000800000000)
  region size 2048K, 76 young (155648K), 6 survivors (12288K)
 Metaspace       used 10066K, committed 10304K, reserved 1114112K
  class space    used 694K, committed 832K, reserved 1048576K
}
Event: 435.144 GC heap after
{Heap after GC invocations=8 (full 0):
 garbage-first heap   total 260096K, used 15037K [0x0000000703a00000, 0x0000000800000000)
  region size 2048K, 6 young (12288K), 6 survivors (12288K)
 Metaspace       used 10066K, committed 10304K, reserved 1114112K
  class space    used 694K, committed 832K, reserved 1048576K
}
Event: 510.758 GC heap before
{Heap before GC invocations=8 (full 0):
 garbage-first heap   total 260096K, used 160445K [0x0000000703a00000, 0x0000000800000000)
  region size 2048K, 76 young (155648K), 6 survivors (12288K)
 Metaspace       used 10069K, committed 10304K, reserved 1114112K
  class space    used 694K, committed 832K, reserved 1048576K
}
Event: 510.807 GC heap after
{Heap after GC invocations=9 (full 0):
 garbage-first heap   total 260096K, used 16485K [0x0000000703a00000, 0x0000000800000000)
  region size 2048K, 5 young (10240K), 5 survivors (10240K)
 Metaspace       used 10069K, committed 10304K, reserved 1114112K
  class space    used 694K, committed 832K, reserved 1048576K
}
Event: 586.266 GC heap before
{Heap before GC invocations=9 (full 0):
 garbage-first heap   total 260096K, used 161893K [0x0000000703a00000, 0x0000000800000000)
  region size 2048K, 76 young (155648K), 5 survivors (10240K)
 Metaspace       used 10069K, committed 10304K, reserved 1114112K
  class space    used 694K, committed 832K, reserved 1048576K
}
Event: 586.326 GC heap after
{Heap after GC invocations=10 (full 0):
 garbage-first heap   total 260096K, used 16790K [0x0000000703a00000, 0x0000000800000000)
  region size 2048K, 6 young (12288K), 6 survivors (12288K)
 Metaspace       used 10069K, committed 10304K, reserved 1114112K
  class space    used 694K, committed 832K, reserved 1048576K
}
Event: 661.997 GC heap before
{Heap before GC invocations=10 (full 0):
 garbage-first heap   total 260096K, used 160150K [0x0000000703a00000, 0x0000000800000000)
  region size 2048K, 76 young (155648K), 6 survivors (12288K)
 Metaspace       used 10069K, committed 10304K, reserved 1114112K
  class space    used 694K, committed 832K, reserved 1048576K
}
Event: 662.036 GC heap after
{Heap after GC invocations=11 (full 0):
 garbage-first heap   total 260096K, used 16485K [0x0000000703a00000, 0x0000000800000000)
  region size 2048K, 5 young (10240K), 5 survivors (10240K)
 Metaspace       used 10069K, committed 10304K, reserved 1114112K
  class space    used 694K, committed 832K, reserved 1048576K
}
Event: 738.434 GC heap before
{Heap before GC invocations=11 (full 0):
 garbage-first heap   total 260096K, used 161893K [0x0000000703a00000, 0x0000000800000000)
  region size 2048K, 76 young (155648K), 5 survivors (10240K)
 Metaspace       used 10069K, committed 10304K, reserved 1114112K
  class space    used 694K, committed 832K, reserved 1048576K
}
Event: 738.499 GC heap after
{Heap after GC invocations=12 (full 0):
 garbage-first heap   total 260096K, used 17392K [0x0000000703a00000, 0x0000000800000000)
  region size 2048K, 6 young (12288K), 6 survivors (12288K)
 Metaspace       used 10069K, committed 10304K, reserved 1114112K
  class space    used 694K, committed 832K, reserved 1048576K
}
Event: 816.266 GC heap before
{Heap before GC invocations=12 (full 0):
 garbage-first heap   total 260096K, used 160752K [0x0000000703a00000, 0x0000000800000000)
  region size 2048K, 76 young (155648K), 6 survivors (12288K)
 Metaspace       used 10069K, committed 10304K, reserved 1114112K
  class space    used 694K, committed 832K, reserved 1048576K
}
Event: 816.299 GC heap after
{Heap after GC invocations=13 (full 0):
 garbage-first heap   total 260096K, used 16485K [0x0000000703a00000, 0x0000000800000000)
  region size 2048K, 5 young (10240K), 5 survivors (10240K)
 Metaspace       used 10069K, committed 10304K, reserved 1114112K
  class space    used 694K, committed 832K, reserved 1048576K
}
Event: 893.813 GC heap before
{Heap before GC invocations=13 (full 0):
 garbage-first heap   total 260096K, used 161893K [0x0000000703a00000, 0x0000000800000000)
  region size 2048K, 76 young (155648K), 5 survivors (10240K)
 Metaspace       used 10069K, committed 10304K, reserved 1114112K
  class space    used 694K, committed 832K, reserved 1048576K
}
Event: 893.869 GC heap after
{Heap after GC invocations=14 (full 0):
 garbage-first heap   total 260096K, used 16786K [0x0000000703a00000, 0x0000000800000000)
  region size 2048K, 6 young (12288K), 6 survivors (12288K)
 Metaspace       used 10069K, committed 10304K, reserved 1114112K
  class space    used 694K, committed 832K, reserved 1048576K
}
Event: 970.814 GC heap before
{Heap before GC invocations=14 (full 0):
 garbage-first heap   total 260096K, used 164242K [0x0000000703a00000, 0x0000000800000000)
  region size 2048K, 76 young (155648K), 6 survivors (12288K)
 Metaspace       used 10069K, committed 10304K, reserved 1114112K
  class space    used 694K, committed 832K, reserved 1048576K
}
Event: 970.846 GC heap after
{Heap after GC invocations=15 (full 0):
 garbage-first heap   total 260096K, used 18327K [0x0000000703a00000, 0x0000000800000000)
  region size 2048K, 5 young (10240K), 5 survivors (10240K)
 Metaspace       used 10069K, committed 10304K, reserved 1114112K
  class space    used 694K, committed 832K, reserved 1048576K
}
Event: 1045.280 GC heap before
{Heap before GC invocations=15 (full 0):
 garbage-first heap   total 260096K, used 163735K [0x0000000703a00000, 0x0000000800000000)
  region size 2048K, 76 young (155648K), 5 survivors (10240K)
 Metaspace       used 10069K, committed 10304K, reserved 1114112K
  class space    used 694K, committed 832K, reserved 1048576K
}
Event: 1045.304 GC heap after
{Heap after GC invocations=16 (full 0):
 garbage-first heap   total 260096K, used 18839K [0x0000000703a00000, 0x0000000800000000)
  region size 2048K, 6 young (12288K), 6 survivors (12288K)
 Metaspace       used 10069K, committed 10304K, reserved 1114112K
  class space    used 694K, committed 832K, reserved 1048576K
}
Event: 1125.413 GC heap before
{Heap before GC invocations=16 (full 0):
 garbage-first heap   total 260096K, used 162199K [0x0000000703a00000, 0x0000000800000000)
  region size 2048K, 76 young (155648K), 6 survivors (12288K)
 Metaspace       used 10069K, committed 10304K, reserved 1114112K
  class space    used 694K, committed 832K, reserved 1048576K
}
Event: 1125.461 GC heap after
{Heap after GC invocations=17 (full 0):
 garbage-first heap   total 260096K, used 18396K [0x0000000703a00000, 0x0000000800000000)
  region size 2048K, 4 young (8192K), 4 survivors (8192K)
 Metaspace       used 10069K, committed 10304K, reserved 1114112K
  class space    used 694K, committed 832K, reserved 1048576K
}

