# JRE version: Java(TM) SE Runtime Environment (21.0.1+12) (build 21.0.1+12-LTS-29)
# Java VM: Java HotSpot(TM) 64-Bit Server VM (21.0.1+12-LTS-29, mixed mode, sharing, tiered, compressed oops, compressed class ptrs, g1 gc, windows-amd64)
GC Precious Log:
 CardTable entry size: 512
 Card Set container configuration: InlinePtr #cards 4 size 8 Array Of Cards #cards 16 size 48 Howl #buckets 8 coarsen threshold 3686 Howl Bitmap #cards 512 size 80 coarsen threshold 460 Card regions per heap region 1 cards per card region 4096
 CPUs: 12 total, 12 available
 Memory: 16147M
 Large Page Support: Disabled
 NUMA Support: Disabled
 Compressed Oops: Enabled (Zero based)
 Heap Region Size: 2M
 Heap Min Capacity: 8M
 Heap Initial Capacity: 254M
 Heap Max Capacity: 4038M
 Pre-touch: Disabled
 Parallel Workers: 10
 Concurrent Workers: 3
 Concurrent Refinement Workers: 10
 Periodic GC: Disabled
Heap:
 garbage-first heap   total 260096K, used 152577K [0x0000000703a00000, 0x0000000800000000)
  region size 2048K, 74 young (151552K), 4 survivors (8192K)
 Metaspace       used 10643K, committed 10944K, reserved 1114112K
  class space    used 743K, committed 896K, reserved 1048576K
GC Heap History (14 events):
Event: 1.748 GC heap before
{Heap before GC invocations=0 (full 0):
 garbage-first heap   total 260096K, used 20480K [0x0000000703a00000, 0x0000000800000000)
  region size 2048K, 11 young (22528K), 0 survivors (0K)
 Metaspace       used 8320K, committed 8512K, reserved 1114112K
  class space    used 559K, committed 640K, reserved 1048576K
}
Event: 1.751 GC heap after
{Heap after GC invocations=1 (full 0):
 garbage-first heap   total 260096K, used 4928K [0x0000000703a00000, 0x0000000800000000)
  region size 2048K, 2 young (4096K), 2 survivors (4096K)
 Metaspace       used 8320K, committed 8512K, reserved 1114112K
  class space    used 559K, committed 640K, reserved 1048576K
}
Event: 6.541 GC heap before
{Heap before GC invocations=1 (full 0):
 garbage-first heap   total 260096K, used 31552K [0x0000000703a00000, 0x0000000800000000)
  region size 2048K, 16 young (32768K), 2 survivors (4096K)
 Metaspace       used 9441K, committed 9728K, reserved 1114112K
  class space    used 641K, committed 768K, reserved 1048576K
}
Event: 6.544 GC heap after
{Heap after GC invocations=2 (full 0):
 garbage-first heap   total 260096K, used 6426K [0x0000000703a00000, 0x0000000800000000)
  region size 2048K, 1 young (2048K), 1 survivors (2048K)
 Metaspace       used 9441K, committed 9728K, reserved 1114112K
  class space    used 641K, committed 768K, reserved 1048576K
}
Event: 18.604 GC heap before
{Heap before GC invocations=2 (full 0):
 garbage-first heap   total 260096K, used 88346K [0x0000000703a00000, 0x0000000800000000)
  region size 2048K, 42 young (86016K), 1 survivors (2048K)
 Metaspace       used 9928K, committed 10176K, reserved 1114112K
  class space    used 669K, committed 768K, reserved 1048576K
}
Event: 18.611 GC heap after
{Heap after GC invocations=3 (full 0):
 garbage-first heap   total 260096K, used 7849K [0x0000000703a00000, 0x0000000800000000)
  region size 2048K, 2 young (4096K), 2 survivors (4096K)
 Metaspace       used 9928K, committed 10176K, reserved 1114112K
  class space    used 669K, committed 768K, reserved 1048576K
}
Event: 49.159 GC heap before
{Heap before GC invocations=3 (full 0):
 garbage-first heap   total 260096K, used 159401K [0x0000000703a00000, 0x0000000800000000)
  region size 2048K, 76 young (155648K), 2 survivors (4096K)
 Metaspace       used 10282K, committed 10560K, reserved 1114112K
  class space    used 710K, committed 832K, reserved 1048576K
}
Event: 49.175 GC heap after
{Heap after GC invocations=4 (full 0):
 garbage-first heap   total 260096K, used 12260K [0x0000000703a00000, 0x0000000800000000)
  region size 2048K, 4 young (8192K), 4 survivors (8192K)
 Metaspace       used 10282K, committed 10560K, reserved 1114112K
  class space    used 710K, committed 832K, reserved 1048576K
}
Event: 75.722 GC heap before
{Heap before GC invocations=4 (full 0):
 garbage-first heap   total 260096K, used 159716K [0x0000000703a00000, 0x0000000800000000)
  region size 2048K, 76 young (155648K), 4 survivors (8192K)
 Metaspace       used 10478K, committed 10816K, reserved 1114112K
  class space    used 726K, committed 896K, reserved 1048576K
}
Event: 75.728 GC heap after
{Heap after GC invocations=5 (full 0):
 garbage-first heap   total 260096K, used 11568K [0x0000000703a00000, 0x0000000800000000)
  region size 2048K, 4 young (8192K), 4 survivors (8192K)
 Metaspace       used 10478K, committed 10816K, reserved 1114112K
  class space    used 726K, committed 896K, reserved 1048576K
}
Event: 102.486 GC heap before
{Heap before GC invocations=5 (full 0):
 garbage-first heap   total 260096K, used 159024K [0x0000000703a00000, 0x0000000800000000)
  region size 2048K, 76 young (155648K), 4 survivors (8192K)
 Metaspace       used 10559K, committed 10880K, reserved 1114112K
  class space    used 731K, committed 896K, reserved 1048576K
}
Event: 102.492 GC heap after
{Heap after GC invocations=6 (full 0):
 garbage-first heap   total 260096K, used 11582K [0x0000000703a00000, 0x0000000800000000)
  region size 2048K, 4 young (8192K), 4 survivors (8192K)
 Metaspace       used 10559K, committed 10880K, reserved 1114112K
  class space    used 731K, committed 896K, reserved 1048576K
}
Event: 121.753 GC heap before
{Heap before GC invocations=6 (full 0):
 garbage-first heap   total 260096K, used 159038K [0x0000000703a00000, 0x0000000800000000)
  region size 2048K, 76 young (155648K), 4 survivors (8192K)
 Metaspace       used 10559K, committed 10880K, reserved 1114112K
  class space    used 731K, committed 896K, reserved 1048576K
}
Event: 121.764 GC heap after
{Heap after GC invocations=7 (full 0):
 garbage-first heap   total 260096K, used 11265K [0x0000000703a00000, 0x0000000800000000)
  region size 2048K, 4 young (8192K), 4 survivors (8192K)
 Metaspace       used 10559K, committed 10880K, reserved 1114112K
  class space    used 731K, committed 896K, reserved 1048576K
}

