# JRE version: Java(TM) SE Runtime Environment (21.0.1+12) (build 21.0.1+12-LTS-29)
# Java VM: Java HotSpot(TM) 64-Bit Server VM (21.0.1+12-LTS-29, mixed mode, sharing, tiered, compressed oops, compressed class ptrs, g1 gc, windows-amd64)
GC Precious Log:
 CardTable entry size: 512
 Card Set container configuration: InlinePtr #cards 4 size 8 Array Of Cards #cards 16 size 48 Howl #buckets 8 coarsen threshold 3686 Howl Bitmap #cards 512 size 80 coarsen threshold 460 Card regions per heap region 1 cards per card region 4096
 CPUs: 12 total, 12 available
 Memory: 16147M
 Large Page Support: Disabled
 NUMA Support: Disabled
 Compressed Oops: Enabled (Zero based)
 Heap Region Size: 2M
 Heap Min Capacity: 8M
 Heap Initial Capacity: 254M
 Heap Max Capacity: 4038M
 Pre-touch: Disabled
 Parallel Workers: 10
 Concurrent Workers: 3
 Concurrent Refinement Workers: 10
 Periodic GC: Disabled
Heap:
 garbage-first heap   total 260096K, used 25494K [0x0000000703a00000, 0x0000000800000000)
  region size 2048K, 12 young (24576K), 6 survivors (12288K)
 Metaspace       used 10031K, committed 10304K, reserved 1114112K
  class space    used 700K, committed 832K, reserved 1048576K
GC Heap History (8 events):
Event: 1.226 GC heap before
{Heap before GC invocations=0 (full 0):
 garbage-first heap   total 260096K, used 22528K [0x0000000703a00000, 0x0000000800000000)
  region size 2048K, 11 young (22528K), 0 survivors (0K)
 Metaspace       used 7835K, committed 8064K, reserved 1114112K
  class space    used 592K, committed 704K, reserved 1048576K
}
Event: 1.229 GC heap after
{Heap after GC invocations=1 (full 0):
 garbage-first heap   total 260096K, used 3967K [0x0000000703a00000, 0x0000000800000000)
  region size 2048K, 2 young (4096K), 2 survivors (4096K)
 Metaspace       used 7835K, committed 8064K, reserved 1114112K
  class space    used 592K, committed 704K, reserved 1048576K
}
Event: 9.993 GC heap before
{Heap before GC invocations=1 (full 0):
 garbage-first heap   total 260096K, used 38783K [0x0000000703a00000, 0x0000000800000000)
  region size 2048K, 19 young (38912K), 2 survivors (4096K)
 Metaspace       used 9628K, committed 9856K, reserved 1114112K
  class space    used 665K, committed 768K, reserved 1048576K
}
Event: 9.998 GC heap after
{Heap after GC invocations=2 (full 0):
 garbage-first heap   total 260096K, used 6843K [0x0000000703a00000, 0x0000000800000000)
  region size 2048K, 2 young (4096K), 2 survivors (4096K)
 Metaspace       used 9628K, committed 9856K, reserved 1114112K
  class space    used 665K, committed 768K, reserved 1048576K
}
Event: 25.574 GC heap before
{Heap before GC invocations=2 (full 0):
 garbage-first heap   total 260096K, used 60091K [0x0000000703a00000, 0x0000000800000000)
  region size 2048K, 29 young (59392K), 2 survivors (4096K)
 Metaspace       used 9943K, committed 10176K, reserved 1114112K
  class space    used 688K, committed 832K, reserved 1048576K
}
Event: 25.581 GC heap after
{Heap after GC invocations=3 (full 0):
 garbage-first heap   total 260096K, used 9534K [0x0000000703a00000, 0x0000000800000000)
  region size 2048K, 3 young (6144K), 3 survivors (6144K)
 Metaspace       used 9943K, committed 10176K, reserved 1114112K
  class space    used 688K, committed 832K, reserved 1048576K
}
Event: 79.873 GC heap before
{Heap before GC invocations=3 (full 0):
 garbage-first heap   total 260096K, used 161086K [0x0000000703a00000, 0x0000000800000000)
  region size 2048K, 76 young (155648K), 3 survivors (6144K)
 Metaspace       used 9945K, committed 10176K, reserved 1114112K
  class space    used 688K, committed 832K, reserved 1048576K
}
Event: 79.908 GC heap after
{Heap after GC invocations=4 (full 0):
 garbage-first heap   total 260096K, used 15254K [0x0000000703a00000, 0x0000000800000000)
  region size 2048K, 6 young (12288K), 6 survivors (12288K)
 Metaspace       used 9945K, committed 10176K, reserved 1114112K
  class space    used 688K, committed 832K, reserved 1048576K
}

