# JRE version: Java(TM) SE Runtime Environment (21.0.1+12) (build 21.0.1+12-LTS-29)
# Java VM: Java HotSpot(TM) 64-Bit Server VM (21.0.1+12-LTS-29, mixed mode, sharing, tiered, compressed oops, compressed class ptrs, g1 gc, windows-amd64)
GC Precious Log:
 CardTable entry size: 512
 Card Set container configuration: InlinePtr #cards 4 size 8 Array Of Cards #cards 16 size 48 Howl #buckets 8 coarsen threshold 3686 Howl Bitmap #cards 512 size 80 coarsen threshold 460 Card regions per heap region 1 cards per card region 4096
 CPUs: 12 total, 12 available
 Memory: 16147M
 Large Page Support: Disabled
 NUMA Support: Disabled
 Compressed Oops: Enabled (Zero based)
 Heap Region Size: 2M
 Heap Min Capacity: 8M
 Heap Initial Capacity: 254M
 Heap Max Capacity: 4038M
 Pre-touch: Disabled
 Parallel Workers: 10
 Concurrent Workers: 3
 Concurrent Refinement Workers: 10
 Periodic GC: Disabled
Heap:
 garbage-first heap   total 260096K, used 152023K [0x0000000703a00000, 0x0000000800000000)
  region size 2048K, 74 young (151552K), 6 survivors (12288K)
 Metaspace       used 9699K, committed 9920K, reserved 1114112K
  class space    used 677K, committed 768K, reserved 1048576K
GC Heap History (12 events):
Event: 1.569 GC heap before
{Heap before GC invocations=0 (full 0):
 garbage-first heap   total 260096K, used 22528K [0x0000000703a00000, 0x0000000800000000)
  region size 2048K, 11 young (22528K), 0 survivors (0K)
 Metaspace       used 8103K, committed 8320K, reserved 1114112K
  class space    used 609K, committed 704K, reserved 1048576K
}
Event: 1.572 GC heap after
{Heap after GC invocations=1 (full 0):
 garbage-first heap   total 260096K, used 4282K [0x0000000703a00000, 0x0000000800000000)
  region size 2048K, 2 young (4096K), 2 survivors (4096K)
 Metaspace       used 8103K, committed 8320K, reserved 1114112K
  class space    used 609K, committed 704K, reserved 1048576K
}
Event: 11.495 GC heap before
{Heap before GC invocations=1 (full 0):
 garbage-first heap   total 260096K, used 49338K [0x0000000703a00000, 0x0000000800000000)
  region size 2048K, 17 young (34816K), 2 survivors (4096K)
 Metaspace       used 9609K, committed 9856K, reserved 1114112K
  class space    used 664K, committed 768K, reserved 1048576K
}
Event: 11.499 GC heap after
{Heap after GC invocations=2 (full 0):
 garbage-first heap   total 260096K, used 7069K [0x0000000703a00000, 0x0000000800000000)
  region size 2048K, 2 young (4096K), 2 survivors (4096K)
 Metaspace       used 9609K, committed 9856K, reserved 1114112K
  class space    used 664K, committed 768K, reserved 1048576K
}
Event: 30.704 GC heap before
{Heap before GC invocations=2 (full 0):
 garbage-first heap   total 260096K, used 54173K [0x0000000703a00000, 0x0000000800000000)
  region size 2048K, 25 young (51200K), 2 survivors (4096K)
 Metaspace       used 9610K, committed 9856K, reserved 1114112K
  class space    used 664K, committed 768K, reserved 1048576K
}
Event: 30.716 GC heap after
{Heap after GC invocations=3 (full 0):
 garbage-first heap   total 260096K, used 8312K [0x0000000703a00000, 0x0000000800000000)
  region size 2048K, 2 young (4096K), 2 survivors (4096K)
 Metaspace       used 9610K, committed 9856K, reserved 1114112K
  class space    used 664K, committed 768K, reserved 1048576K
}
Event: 94.355 GC heap before
{Heap before GC invocations=3 (full 0):
 garbage-first heap   total 260096K, used 159864K [0x0000000703a00000, 0x0000000800000000)
  region size 2048K, 76 young (155648K), 2 survivors (4096K)
 Metaspace       used 9610K, committed 9856K, reserved 1114112K
  class space    used 664K, committed 768K, reserved 1048576K
}
Event: 94.384 GC heap after
{Heap after GC invocations=4 (full 0):
 garbage-first heap   total 260096K, used 14864K [0x0000000703a00000, 0x0000000800000000)
  region size 2048K, 6 young (12288K), 6 survivors (12288K)
 Metaspace       used 9610K, committed 9856K, reserved 1114112K
  class space    used 664K, committed 768K, reserved 1048576K
}
Event: 154.862 GC heap before
{Heap before GC invocations=4 (full 0):
 garbage-first heap   total 260096K, used 158224K [0x0000000703a00000, 0x0000000800000000)
  region size 2048K, 76 young (155648K), 6 survivors (12288K)
 Metaspace       used 9611K, committed 9856K, reserved 1114112K
  class space    used 664K, committed 768K, reserved 1048576K
}
Event: 154.888 GC heap after
{Heap after GC invocations=5 (full 0):
 garbage-first heap   total 260096K, used 14760K [0x0000000703a00000, 0x0000000800000000)
  region size 2048K, 6 young (12288K), 6 survivors (12288K)
 Metaspace       used 9611K, committed 9856K, reserved 1114112K
  class space    used 664K, committed 768K, reserved 1048576K
}
Event: 216.980 GC heap before
{Heap before GC invocations=5 (full 0):
 garbage-first heap   total 260096K, used 158120K [0x0000000703a00000, 0x0000000800000000)
  region size 2048K, 76 young (155648K), 6 survivors (12288K)
 Metaspace       used 9611K, committed 9856K, reserved 1114112K
  class space    used 664K, committed 768K, reserved 1048576K
}
Event: 217.007 GC heap after
{Heap after GC invocations=6 (full 0):
 garbage-first heap   total 260096K, used 14807K [0x0000000703a00000, 0x0000000800000000)
  region size 2048K, 6 young (12288K), 6 survivors (12288K)
 Metaspace       used 9611K, committed 9856K, reserved 1114112K
  class space    used 664K, committed 768K, reserved 1048576K
}

