# JRE version: Java(TM) SE Runtime Environment (21.0.1+12) (build 21.0.1+12-LTS-29)
# Java VM: Java HotSpot(TM) 64-Bit Server VM (21.0.1+12-LTS-29, mixed mode, sharing, tiered, compressed oops, compressed class ptrs, g1 gc, windows-amd64)
GC Precious Log:
 CardTable entry size: 512
 Card Set container configuration: InlinePtr #cards 4 size 8 Array Of Cards #cards 16 size 48 Howl #buckets 8 coarsen threshold 3686 Howl Bitmap #cards 512 size 80 coarsen threshold 460 Card regions per heap region 1 cards per card region 4096
 CPUs: 12 total, 12 available
 Memory: 16147M
 Large Page Support: Disabled
 NUMA Support: Disabled
 Compressed Oops: Enabled (Zero based)
 Heap Region Size: 2M
 Heap Min Capacity: 8M
 Heap Initial Capacity: 254M
 Heap Max Capacity: 4038M
 Pre-touch: Disabled
 Parallel Workers: 10
 Concurrent Workers: 3
 Concurrent Refinement Workers: 10
 Periodic GC: Disabled
Heap:
 garbage-first heap   total 260096K, used 82121K [0x0000000703a00000, 0x0000000800000000)
  region size 2048K, 39 young (79872K), 5 survivors (10240K)
 Metaspace       used 9677K, committed 9856K, reserved 1114112K
  class space    used 677K, committed 768K, reserved 1048576K
GC Heap History (10 events):
Event: 1.511 GC heap before
{Heap before GC invocations=0 (full 0):
 garbage-first heap   total 260096K, used 20480K [0x0000000703a00000, 0x0000000800000000)
  region size 2048K, 11 young (22528K), 0 survivors (0K)
 Metaspace       used 7671K, committed 7936K, reserved 1114112K
  class space    used 596K, committed 704K, reserved 1048576K
}
Event: 1.520 GC heap after
{Heap after GC invocations=1 (full 0):
 garbage-first heap   total 260096K, used 5007K [0x0000000703a00000, 0x0000000800000000)
  region size 2048K, 2 young (4096K), 2 survivors (4096K)
 Metaspace       used 7671K, committed 7936K, reserved 1114112K
  class space    used 596K, committed 704K, reserved 1048576K
}
Event: 8.454 GC heap before
{Heap before GC invocations=1 (full 0):
 garbage-first heap   total 260096K, used 31631K [0x0000000703a00000, 0x0000000800000000)
  region size 2048K, 15 young (30720K), 2 survivors (4096K)
 Metaspace       used 9584K, committed 9792K, reserved 1114112K
  class space    used 665K, committed 768K, reserved 1048576K
}
Event: 8.459 GC heap after
{Heap after GC invocations=2 (full 0):
 garbage-first heap   total 260096K, used 7446K [0x0000000703a00000, 0x0000000800000000)
  region size 2048K, 2 young (4096K), 2 survivors (4096K)
 Metaspace       used 9584K, committed 9792K, reserved 1114112K
  class space    used 665K, committed 768K, reserved 1048576K
}
Event: 38.558 GC heap before
{Heap before GC invocations=2 (full 0):
 garbage-first heap   total 260096K, used 93462K [0x0000000703a00000, 0x0000000800000000)
  region size 2048K, 44 young (90112K), 2 survivors (4096K)
 Metaspace       used 9588K, committed 9792K, reserved 1114112K
  class space    used 665K, committed 768K, reserved 1048576K
}
Event: 38.578 GC heap after
{Heap after GC invocations=3 (full 0):
 garbage-first heap   total 260096K, used 10829K [0x0000000703a00000, 0x0000000800000000)
  region size 2048K, 3 young (6144K), 3 survivors (6144K)
 Metaspace       used 9588K, committed 9792K, reserved 1114112K
  class space    used 665K, committed 768K, reserved 1048576K
}
Event: 91.419 GC heap before
{Heap before GC invocations=3 (full 0):
 garbage-first heap   total 260096K, used 160333K [0x0000000703a00000, 0x0000000800000000)
  region size 2048K, 76 young (155648K), 3 survivors (6144K)
 Metaspace       used 9589K, committed 9792K, reserved 1114112K
  class space    used 665K, committed 768K, reserved 1048576K
}
Event: 91.438 GC heap after
{Heap after GC invocations=4 (full 0):
 garbage-first heap   total 260096K, used 14446K [0x0000000703a00000, 0x0000000800000000)
  region size 2048K, 5 young (10240K), 5 survivors (10240K)
 Metaspace       used 9589K, committed 9792K, reserved 1114112K
  class space    used 665K, committed 768K, reserved 1048576K
}
Event: 142.835 GC heap before
{Heap before GC invocations=4 (full 0):
 garbage-first heap   total 260096K, used 159854K [0x0000000703a00000, 0x0000000800000000)
  region size 2048K, 76 young (155648K), 5 survivors (10240K)
 Metaspace       used 9589K, committed 9792K, reserved 1114112K
  class space    used 665K, committed 768K, reserved 1048576K
}
Event: 142.858 GC heap after
{Heap after GC invocations=5 (full 0):
 garbage-first heap   total 260096K, used 14537K [0x0000000703a00000, 0x0000000800000000)
  region size 2048K, 5 young (10240K), 5 survivors (10240K)
 Metaspace       used 9589K, committed 9792K, reserved 1114112K
  class space    used 665K, committed 768K, reserved 1048576K
}

