# JRE version: Java(TM) SE Runtime Environment (21.0.1+12) (build 21.0.1+12-LTS-29)
# Java VM: Java HotSpot(TM) 64-Bit Server VM (21.0.1+12-LTS-29, mixed mode, sharing, tiered, compressed oops, compressed class ptrs, g1 gc, windows-amd64)
GC Precious Log:
 CardTable entry size: 512
 Card Set container configuration: InlinePtr #cards 4 size 8 Array Of Cards #cards 16 size 48 Howl #buckets 8 coarsen threshold 3686 Howl Bitmap #cards 512 size 80 coarsen threshold 460 Card regions per heap region 1 cards per card region 4096
 CPUs: 12 total, 12 available
 Memory: 16147M
 Large Page Support: Disabled
 NUMA Support: Disabled
 Compressed Oops: Enabled (Zero based)
 Heap Region Size: 2M
 Heap Min Capacity: 8M
 Heap Initial Capacity: 254M
 Heap Max Capacity: 4038M
 Pre-touch: Disabled
 Parallel Workers: 10
 Concurrent Workers: 3
 Concurrent Refinement Workers: 10
 Periodic GC: Disabled
Heap:
 garbage-first heap   total 260096K, used 89825K [0x0000000703a00000, 0x0000000800000000)
  region size 2048K, 43 young (88064K), 6 survivors (12288K)
 Metaspace       used 9685K, committed 9920K, reserved 1114112K
  class space    used 675K, committed 768K, reserved 1048576K
GC Heap History (8 events):
Event: 1.380 GC heap before
{Heap before GC invocations=0 (full 0):
 garbage-first heap   total 260096K, used 22528K [0x0000000703a00000, 0x0000000800000000)
  region size 2048K, 11 young (22528K), 0 survivors (0K)
 Metaspace       used 8160K, committed 8384K, reserved 1114112K
  class space    used 612K, committed 704K, reserved 1048576K
}
Event: 1.383 GC heap after
{Heap after GC invocations=1 (full 0):
 garbage-first heap   total 260096K, used 4379K [0x0000000703a00000, 0x0000000800000000)
  region size 2048K, 2 young (4096K), 2 survivors (4096K)
 Metaspace       used 8160K, committed 8384K, reserved 1114112K
  class space    used 612K, committed 704K, reserved 1048576K
}
Event: 13.561 GC heap before
{Heap before GC invocations=1 (full 0):
 garbage-first heap   total 260096K, used 37147K [0x0000000703a00000, 0x0000000800000000)
  region size 2048K, 18 young (36864K), 2 survivors (4096K)
 Metaspace       used 9597K, committed 9856K, reserved 1114112K
  class space    used 662K, committed 768K, reserved 1048576K
}
Event: 13.569 GC heap after
{Heap after GC invocations=2 (full 0):
 garbage-first heap   total 260096K, used 7293K [0x0000000703a00000, 0x0000000800000000)
  region size 2048K, 2 young (4096K), 2 survivors (4096K)
 Metaspace       used 9597K, committed 9856K, reserved 1114112K
  class space    used 662K, committed 768K, reserved 1048576K
}
Event: 39.775 GC heap before
{Heap before GC invocations=2 (full 0):
 garbage-first heap   total 260096K, used 62589K [0x0000000703a00000, 0x0000000800000000)
  region size 2048K, 29 young (59392K), 2 survivors (4096K)
 Metaspace       used 9599K, committed 9856K, reserved 1114112K
  class space    used 662K, committed 768K, reserved 1048576K
}
Event: 39.788 GC heap after
{Heap after GC invocations=3 (full 0):
 garbage-first heap   total 260096K, used 9522K [0x0000000703a00000, 0x0000000800000000)
  region size 2048K, 3 young (6144K), 3 survivors (6144K)
 Metaspace       used 9599K, committed 9856K, reserved 1114112K
  class space    used 662K, committed 768K, reserved 1048576K
}
Event: 109.366 GC heap before
{Heap before GC invocations=3 (full 0):
 garbage-first heap   total 260096K, used 159026K [0x0000000703a00000, 0x0000000800000000)
  region size 2048K, 76 young (155648K), 3 survivors (6144K)
 Metaspace       used 9599K, committed 9856K, reserved 1114112K
  class space    used 662K, committed 768K, reserved 1048576K
}
Event: 109.398 GC heap after
{Heap after GC invocations=4 (full 0):
 garbage-first heap   total 260096K, used 16097K [0x0000000703a00000, 0x0000000800000000)
  region size 2048K, 6 young (12288K), 6 survivors (12288K)
 Metaspace       used 9599K, committed 9856K, reserved 1114112K
  class space    used 662K, committed 768K, reserved 1048576K
}

