# JRE version: Java(TM) SE Runtime Environment (21.0.1+12) (build 21.0.1+12-LTS-29)
# Java VM: Java HotSpot(TM) 64-Bit Server VM (21.0.1+12-LTS-29, mixed mode, sharing, tiered, compressed oops, compressed class ptrs, g1 gc, windows-amd64)
GC Precious Log:
 CardTable entry size: 512
 Card Set container configuration: InlinePtr #cards 4 size 8 Array Of Cards #cards 16 size 48 Howl #buckets 8 coarsen threshold 3686 Howl Bitmap #cards 512 size 80 coarsen threshold 460 Card regions per heap region 1 cards per card region 4096
 CPUs: 12 total, 12 available
 Memory: 16147M
 Large Page Support: Disabled
 NUMA Support: Disabled
 Compressed Oops: Enabled (Zero based)
 Heap Region Size: 2M
 Heap Min Capacity: 8M
 Heap Initial Capacity: 254M
 Heap Max Capacity: 4038M
 Pre-touch: Disabled
 Parallel Workers: 10
 Concurrent Workers: 3
 Concurrent Refinement Workers: 10
 Periodic GC: Disabled
Heap:
 garbage-first heap   total 260096K, used 42083K [0x0000000703a00000, 0x0000000800000000)
  region size 2048K, 20 young (40960K), 5 survivors (10240K)
 Metaspace       used 10253K, committed 10496K, reserved 1114112K
  class space    used 719K, committed 832K, reserved 1048576K
GC Heap History (8 events):
Event: 1.386 GC heap before
{Heap before GC invocations=0 (full 0):
 garbage-first heap   total 260096K, used 20480K [0x0000000703a00000, 0x0000000800000000)
  region size 2048K, 11 young (22528K), 0 survivors (0K)
 Metaspace       used 7666K, committed 7872K, reserved 1114112K
  class space    used 595K, committed 704K, reserved 1048576K
}
Event: 1.396 GC heap after
{Heap after GC invocations=1 (full 0):
 garbage-first heap   total 260096K, used 4978K [0x0000000703a00000, 0x0000000800000000)
  region size 2048K, 2 young (4096K), 2 survivors (4096K)
 Metaspace       used 7666K, committed 7872K, reserved 1114112K
  class space    used 595K, committed 704K, reserved 1048576K
}
Event: 7.169 GC heap before
{Heap before GC invocations=1 (full 0):
 garbage-first heap   total 260096K, used 29554K [0x0000000703a00000, 0x0000000800000000)
  region size 2048K, 15 young (30720K), 2 survivors (4096K)
 Metaspace       used 10060K, committed 10368K, reserved 1114112K
  class space    used 704K, committed 832K, reserved 1048576K
}
Event: 7.174 GC heap after
{Heap after GC invocations=2 (full 0):
 garbage-first heap   total 260096K, used 6903K [0x0000000703a00000, 0x0000000800000000)
  region size 2048K, 2 young (4096K), 2 survivors (4096K)
 Metaspace       used 10060K, committed 10368K, reserved 1114112K
  class space    used 704K, committed 832K, reserved 1048576K
}
Event: 55.936 GC heap before
{Heap before GC invocations=2 (full 0):
 garbage-first heap   total 260096K, used 158455K [0x0000000703a00000, 0x0000000800000000)
  region size 2048K, 76 young (155648K), 2 survivors (4096K)
 Metaspace       used 10168K, committed 10432K, reserved 1114112K
  class space    used 706K, committed 832K, reserved 1048576K
}
Event: 55.980 GC heap after
{Heap after GC invocations=3 (full 0):
 garbage-first heap   total 260096K, used 12968K [0x0000000703a00000, 0x0000000800000000)
  region size 2048K, 5 young (10240K), 5 survivors (10240K)
 Metaspace       used 10168K, committed 10432K, reserved 1114112K
  class space    used 706K, committed 832K, reserved 1048576K
}
Event: 101.308 GC heap before
{Heap before GC invocations=3 (full 0):
 garbage-first heap   total 260096K, used 158376K [0x0000000703a00000, 0x0000000800000000)
  region size 2048K, 76 young (155648K), 5 survivors (10240K)
 Metaspace       used 10170K, committed 10432K, reserved 1114112K
  class space    used 706K, committed 832K, reserved 1048576K
}
Event: 101.331 GC heap after
{Heap after GC invocations=4 (full 0):
 garbage-first heap   total 260096K, used 13411K [0x0000000703a00000, 0x0000000800000000)
  region size 2048K, 5 young (10240K), 5 survivors (10240K)
 Metaspace       used 10170K, committed 10432K, reserved 1114112K
  class space    used 706K, committed 832K, reserved 1048576K
}

