# JRE version: Java(TM) SE Runtime Environment (21.0.1+12) (build 21.0.1+12-LTS-29)
# Java VM: Java HotSpot(TM) 64-Bit Server VM (21.0.1+12-LTS-29, mixed mode, sharing, tiered, compressed oops, compressed class ptrs, g1 gc, windows-amd64)
GC Precious Log:
 CardTable entry size: 512
 Card Set container configuration: InlinePtr #cards 4 size 8 Array Of Cards #cards 16 size 48 Howl #buckets 8 coarsen threshold 3686 Howl Bitmap #cards 512 size 80 coarsen threshold 460 Card regions per heap region 1 cards per card region 4096
 CPUs: 12 total, 12 available
 Memory: 16147M
 Large Page Support: Disabled
 NUMA Support: Disabled
 Compressed Oops: Enabled (Zero based)
 Heap Region Size: 2M
 Heap Min Capacity: 8M
 Heap Initial Capacity: 254M
 Heap Max Capacity: 4038M
 Pre-touch: Disabled
 Parallel Workers: 10
 Concurrent Workers: 3
 Concurrent Refinement Workers: 10
 Periodic GC: Disabled
Heap:
 garbage-first heap   total 260096K, used 71638K [0x0000000703a00000, 0x0000000800000000)
  region size 2048K, 35 young (71680K), 3 survivors (6144K)
 Metaspace       used 10454K, committed 10752K, reserved 1114112K
  class space    used 736K, committed 896K, reserved 1048576K
GC Heap History (12 events):
Event: 1.045 GC heap before
{Heap before GC invocations=0 (full 0):
 garbage-first heap   total 260096K, used 22528K [0x0000000703a00000, 0x0000000800000000)
  region size 2048K, 11 young (22528K), 0 survivors (0K)
 Metaspace       used 8012K, committed 8256K, reserved 1114112K
  class space    used 605K, committed 704K, reserved 1048576K
}
Event: 1.049 GC heap after
{Heap after GC invocations=1 (full 0):
 garbage-first heap   total 260096K, used 4255K [0x0000000703a00000, 0x0000000800000000)
  region size 2048K, 2 young (4096K), 2 survivors (4096K)
 Metaspace       used 8012K, committed 8256K, reserved 1114112K
  class space    used 605K, committed 704K, reserved 1048576K
}
Event: 7.791 GC heap before
{Heap before GC invocations=1 (full 0):
 garbage-first heap   total 260096K, used 34975K [0x0000000703a00000, 0x0000000800000000)
  region size 2048K, 18 young (36864K), 2 survivors (4096K)
 Metaspace       used 9926K, committed 10176K, reserved 1114112K
  class space    used 687K, committed 832K, reserved 1048576K
}
Event: 7.796 GC heap after
{Heap after GC invocations=2 (full 0):
 garbage-first heap   total 260096K, used 6623K [0x0000000703a00000, 0x0000000800000000)
  region size 2048K, 2 young (4096K), 2 survivors (4096K)
 Metaspace       used 9926K, committed 10176K, reserved 1114112K
  class space    used 687K, committed 832K, reserved 1048576K
}
Event: 18.618 GC heap before
{Heap before GC invocations=2 (full 0):
 garbage-first heap   total 260096K, used 86495K [0x0000000703a00000, 0x0000000800000000)
  region size 2048K, 42 young (86016K), 2 survivors (4096K)
 Metaspace       used 10313K, committed 10688K, reserved 1114112K
  class space    used 723K, committed 896K, reserved 1048576K
}
Event: 18.623 GC heap after
{Heap after GC invocations=3 (full 0):
 garbage-first heap   total 260096K, used 7999K [0x0000000703a00000, 0x0000000800000000)
  region size 2048K, 3 young (6144K), 3 survivors (6144K)
 Metaspace       used 10313K, committed 10688K, reserved 1114112K
  class space    used 723K, committed 896K, reserved 1048576K
}
Event: 27.561 GC heap before
{Heap before GC invocations=3 (full 0):
 garbage-first heap   total 260096K, used 157503K [0x0000000703a00000, 0x0000000800000000)
  region size 2048K, 76 young (155648K), 3 survivors (6144K)
 Metaspace       used 10370K, committed 10688K, reserved 1114112K
  class space    used 723K, committed 896K, reserved 1048576K
}
Event: 27.565 GC heap after
{Heap after GC invocations=4 (full 0):
 garbage-first heap   total 260096K, used 8247K [0x0000000703a00000, 0x0000000800000000)
  region size 2048K, 3 young (6144K), 3 survivors (6144K)
 Metaspace       used 10370K, committed 10688K, reserved 1114112K
  class space    used 723K, committed 896K, reserved 1048576K
}
Event: 37.409 GC heap before
{Heap before GC invocations=4 (full 0):
 garbage-first heap   total 260096K, used 157751K [0x0000000703a00000, 0x0000000800000000)
  region size 2048K, 76 young (155648K), 3 survivors (6144K)
 Metaspace       used 10370K, committed 10688K, reserved 1114112K
  class space    used 723K, committed 896K, reserved 1048576K
}
Event: 37.414 GC heap after
{Heap after GC invocations=5 (full 0):
 garbage-first heap   total 260096K, used 8212K [0x0000000703a00000, 0x0000000800000000)
  region size 2048K, 3 young (6144K), 3 survivors (6144K)
 Metaspace       used 10370K, committed 10688K, reserved 1114112K
  class space    used 723K, committed 896K, reserved 1048576K
}
Event: 47.297 GC heap before
{Heap before GC invocations=5 (full 0):
 garbage-first heap   total 260096K, used 157716K [0x0000000703a00000, 0x0000000800000000)
  region size 2048K, 76 young (155648K), 3 survivors (6144K)
 Metaspace       used 10371K, committed 10688K, reserved 1114112K
  class space    used 723K, committed 896K, reserved 1048576K
}
Event: 47.302 GC heap after
{Heap after GC invocations=6 (full 0):
 garbage-first heap   total 260096K, used 8150K [0x0000000703a00000, 0x0000000800000000)
  region size 2048K, 3 young (6144K), 3 survivors (6144K)
 Metaspace       used 10371K, committed 10688K, reserved 1114112K
  class space    used 723K, committed 896K, reserved 1048576K
}

