# JRE version: Java(TM) SE Runtime Environment (21.0.1+12) (build 21.0.1+12-LTS-29)
# Java VM: Java HotSpot(TM) 64-Bit Server VM (21.0.1+12-LTS-29, mixed mode, sharing, tiered, compressed oops, compressed class ptrs, g1 gc, windows-amd64)
GC Precious Log:
 CardTable entry size: 512
 Card Set container configuration: InlinePtr #cards 4 size 8 Array Of Cards #cards 16 size 48 Howl #buckets 8 coarsen threshold 3686 Howl Bitmap #cards 512 size 80 coarsen threshold 460 Card regions per heap region 1 cards per card region 4096
 CPUs: 12 total, 12 available
 Memory: 16147M
 Large Page Support: Disabled
 NUMA Support: Disabled
 Compressed Oops: Enabled (Zero based)
 Heap Region Size: 2M
 Heap Min Capacity: 8M
 Heap Initial Capacity: 254M
 Heap Max Capacity: 4038M
 Pre-touch: Disabled
 Parallel Workers: 10
 Concurrent Workers: 3
 Concurrent Refinement Workers: 10
 Periodic GC: Disabled
Heap:
 garbage-first heap   total 260096K, used 83363K [0x0000000703a00000, 0x0000000800000000)
  region size 2048K, 40 young (81920K), 6 survivors (12288K)
 Metaspace       used 9709K, committed 9920K, reserved 1114112K
  class space    used 676K, committed 768K, reserved 1048576K
GC Heap History (14 events):
Event: 1.375 GC heap before
{Heap before GC invocations=0 (full 0):
 garbage-first heap   total 260096K, used 22528K [0x0000000703a00000, 0x0000000800000000)
  region size 2048K, 11 young (22528K), 0 survivors (0K)
 Metaspace       used 8115K, committed 8320K, reserved 1114112K
  class space    used 608K, committed 704K, reserved 1048576K
}
Event: 1.379 GC heap after
{Heap after GC invocations=1 (full 0):
 garbage-first heap   total 260096K, used 4295K [0x0000000703a00000, 0x0000000800000000)
  region size 2048K, 2 young (4096K), 2 survivors (4096K)
 Metaspace       used 8115K, committed 8320K, reserved 1114112K
  class space    used 608K, committed 704K, reserved 1048576K
}
Event: 11.940 GC heap before
{Heap before GC invocations=1 (full 0):
 garbage-first heap   total 260096K, used 43207K [0x0000000703a00000, 0x0000000800000000)
  region size 2048K, 18 young (36864K), 2 survivors (4096K)
 Metaspace       used 9618K, committed 9856K, reserved 1114112K
  class space    used 664K, committed 768K, reserved 1048576K
}
Event: 11.946 GC heap after
{Heap after GC invocations=2 (full 0):
 garbage-first heap   total 260096K, used 7160K [0x0000000703a00000, 0x0000000800000000)
  region size 2048K, 2 young (4096K), 2 survivors (4096K)
 Metaspace       used 9618K, committed 9856K, reserved 1114112K
  class space    used 664K, committed 768K, reserved 1048576K
}
Event: 33.572 GC heap before
{Heap before GC invocations=2 (full 0):
 garbage-first heap   total 260096K, used 58360K [0x0000000703a00000, 0x0000000800000000)
  region size 2048K, 27 young (55296K), 2 survivors (4096K)
 Metaspace       used 9620K, committed 9856K, reserved 1114112K
  class space    used 664K, committed 768K, reserved 1048576K
}
Event: 33.582 GC heap after
{Heap after GC invocations=3 (full 0):
 garbage-first heap   total 260096K, used 8680K [0x0000000703a00000, 0x0000000800000000)
  region size 2048K, 3 young (6144K), 3 survivors (6144K)
 Metaspace       used 9620K, committed 9856K, reserved 1114112K
  class space    used 664K, committed 768K, reserved 1048576K
}
Event: 99.303 GC heap before
{Heap before GC invocations=3 (full 0):
 garbage-first heap   total 260096K, used 158184K [0x0000000703a00000, 0x0000000800000000)
  region size 2048K, 76 young (155648K), 3 survivors (6144K)
 Metaspace       used 9621K, committed 9856K, reserved 1114112K
  class space    used 664K, committed 768K, reserved 1048576K
}
Event: 99.337 GC heap after
{Heap after GC invocations=4 (full 0):
 garbage-first heap   total 260096K, used 14806K [0x0000000703a00000, 0x0000000800000000)
  region size 2048K, 6 young (12288K), 6 survivors (12288K)
 Metaspace       used 9621K, committed 9856K, reserved 1114112K
  class space    used 664K, committed 768K, reserved 1048576K
}
Event: 159.162 GC heap before
{Heap before GC invocations=4 (full 0):
 garbage-first heap   total 260096K, used 158166K [0x0000000703a00000, 0x0000000800000000)
  region size 2048K, 76 young (155648K), 6 survivors (12288K)
 Metaspace       used 9621K, committed 9856K, reserved 1114112K
  class space    used 664K, committed 768K, reserved 1048576K
}
Event: 159.180 GC heap after
{Heap after GC invocations=5 (full 0):
 garbage-first heap   total 260096K, used 15852K [0x0000000703a00000, 0x0000000800000000)
  region size 2048K, 6 young (12288K), 6 survivors (12288K)
 Metaspace       used 9621K, committed 9856K, reserved 1114112K
  class space    used 664K, committed 768K, reserved 1048576K
}
Event: 219.259 GC heap before
{Heap before GC invocations=5 (full 0):
 garbage-first heap   total 260096K, used 159212K [0x0000000703a00000, 0x0000000800000000)
  region size 2048K, 76 young (155648K), 6 survivors (12288K)
 Metaspace       used 9621K, committed 9856K, reserved 1114112K
  class space    used 664K, committed 768K, reserved 1048576K
}
Event: 219.290 GC heap after
{Heap after GC invocations=6 (full 0):
 garbage-first heap   total 260096K, used 15172K [0x0000000703a00000, 0x0000000800000000)
  region size 2048K, 6 young (12288K), 6 survivors (12288K)
 Metaspace       used 9621K, committed 9856K, reserved 1114112K
  class space    used 664K, committed 768K, reserved 1048576K
}
Event: 279.961 GC heap before
{Heap before GC invocations=6 (full 0):
 garbage-first heap   total 260096K, used 158532K [0x0000000703a00000, 0x0000000800000000)
  region size 2048K, 76 young (155648K), 6 survivors (12288K)
 Metaspace       used 9621K, committed 9856K, reserved 1114112K
  class space    used 664K, committed 768K, reserved 1048576K
}
Event: 279.986 GC heap after
{Heap after GC invocations=7 (full 0):
 garbage-first heap   total 260096K, used 15779K [0x0000000703a00000, 0x0000000800000000)
  region size 2048K, 6 young (12288K), 6 survivors (12288K)
 Metaspace       used 9621K, committed 9856K, reserved 1114112K
  class space    used 664K, committed 768K, reserved 1048576K
}

