# JRE version: Java(TM) SE Runtime Environment (21.0.1+12) (build 21.0.1+12-LTS-29)
# Java VM: Java HotSpot(TM) 64-Bit Server VM (21.0.1+12-LTS-29, mixed mode, sharing, tiered, compressed oops, compressed class ptrs, g1 gc, windows-amd64)
GC Precious Log:
 CardTable entry size: 512
 Card Set container configuration: InlinePtr #cards 4 size 8 Array Of Cards #cards 16 size 48 Howl #buckets 8 coarsen threshold 3686 Howl Bitmap #cards 512 size 80 coarsen threshold 460 Card regions per heap region 1 cards per card region 4096
 CPUs: 12 total, 12 available
 Memory: 16147M
 Large Page Support: Disabled
 NUMA Support: Disabled
 Compressed Oops: Enabled (Zero based)
 Heap Region Size: 2M
 Heap Min Capacity: 8M
 Heap Initial Capacity: 254M
 Heap Max Capacity: 4038M
 Pre-touch: Disabled
 Parallel Workers: 10
 Concurrent Workers: 3
 Concurrent Refinement Workers: 10
 Periodic GC: Disabled
Heap:
 garbage-first heap   total 260096K, used 133530K [0x0000000703a00000, 0x0000000800000000)
  region size 2048K, 65 young (133120K), 4 survivors (8192K)
 Metaspace       used 9751K, committed 9984K, reserved 1114112K
  class space    used 680K, committed 768K, reserved 1048576K
GC Heap History (10 events):
Event: 0.911 GC heap before
{Heap before GC invocations=0 (full 0):
 garbage-first heap   total 260096K, used 22528K [0x0000000703a00000, 0x0000000800000000)
  region size 2048K, 11 young (22528K), 0 survivors (0K)
 Metaspace       used 7057K, committed 7360K, reserved 1114112K
  class space    used 529K, committed 640K, reserved 1048576K
}
Event: 0.914 GC heap after
{Heap after GC invocations=1 (full 0):
 garbage-first heap   total 260096K, used 4029K [0x0000000703a00000, 0x0000000800000000)
  region size 2048K, 2 young (4096K), 2 survivors (4096K)
 Metaspace       used 7057K, committed 7360K, reserved 1114112K
  class space    used 529K, committed 640K, reserved 1048576K
}
Event: 6.081 GC heap before
{Heap before GC invocations=1 (full 0):
 garbage-first heap   total 260096K, used 34749K [0x0000000703a00000, 0x0000000800000000)
  region size 2048K, 18 young (36864K), 2 survivors (4096K)
 Metaspace       used 9659K, committed 9856K, reserved 1114112K
  class space    used 668K, committed 768K, reserved 1048576K
}
Event: 6.085 GC heap after
{Heap after GC invocations=2 (full 0):
 garbage-first heap   total 260096K, used 6476K [0x0000000703a00000, 0x0000000800000000)
  region size 2048K, 2 young (4096K), 2 survivors (4096K)
 Metaspace       used 9659K, committed 9856K, reserved 1114112K
  class space    used 668K, committed 768K, reserved 1048576K
}
Event: 34.830 GC heap before
{Heap before GC invocations=2 (full 0):
 garbage-first heap   total 260096K, used 141644K [0x0000000703a00000, 0x0000000800000000)
  region size 2048K, 68 young (139264K), 2 survivors (4096K)
 Metaspace       used 9662K, committed 9856K, reserved 1114112K
  class space    used 668K, committed 768K, reserved 1048576K
}
Event: 34.840 GC heap after
{Heap after GC invocations=3 (full 0):
 garbage-first heap   total 260096K, used 10000K [0x0000000703a00000, 0x0000000800000000)
  region size 2048K, 4 young (8192K), 4 survivors (8192K)
 Metaspace       used 9662K, committed 9856K, reserved 1114112K
  class space    used 668K, committed 768K, reserved 1048576K
}
Event: 66.976 GC heap before
{Heap before GC invocations=3 (full 0):
 garbage-first heap   total 260096K, used 157456K [0x0000000703a00000, 0x0000000800000000)
  region size 2048K, 76 young (155648K), 4 survivors (8192K)
 Metaspace       used 9663K, committed 9856K, reserved 1114112K
  class space    used 668K, committed 768K, reserved 1048576K
}
Event: 66.986 GC heap after
{Heap after GC invocations=4 (full 0):
 garbage-first heap   total 260096K, used 10913K [0x0000000703a00000, 0x0000000800000000)
  region size 2048K, 4 young (8192K), 4 survivors (8192K)
 Metaspace       used 9663K, committed 9856K, reserved 1114112K
  class space    used 668K, committed 768K, reserved 1048576K
}
Event: 98.629 GC heap before
{Heap before GC invocations=4 (full 0):
 garbage-first heap   total 260096K, used 158369K [0x0000000703a00000, 0x0000000800000000)
  region size 2048K, 76 young (155648K), 4 survivors (8192K)
 Metaspace       used 9663K, committed 9856K, reserved 1114112K
  class space    used 668K, committed 768K, reserved 1048576K
}
Event: 98.643 GC heap after
{Heap after GC invocations=5 (full 0):
 garbage-first heap   total 260096K, used 10650K [0x0000000703a00000, 0x0000000800000000)
  region size 2048K, 4 young (8192K), 4 survivors (8192K)
 Metaspace       used 9663K, committed 9856K, reserved 1114112K
  class space    used 668K, committed 768K, reserved 1048576K
}

