# JRE version: Java(TM) SE Runtime Environment (21.0.1+12) (build 21.0.1+12-LTS-29)
# Java VM: Java HotSpot(TM) 64-Bit Server VM (21.0.1+12-LTS-29, mixed mode, sharing, tiered, compressed oops, compressed class ptrs, g1 gc, windows-amd64)
GC Precious Log:
 CardTable entry size: 512
 Card Set container configuration: InlinePtr #cards 4 size 8 Array Of Cards #cards 16 size 48 Howl #buckets 8 coarsen threshold 3686 Howl Bitmap #cards 512 size 80 coarsen threshold 460 Card regions per heap region 1 cards per card region 4096
 CPUs: 12 total, 12 available
 Memory: 16147M
 Large Page Support: Disabled
 NUMA Support: Disabled
 Compressed Oops: Enabled (Zero based)
 Heap Region Size: 2M
 Heap Min Capacity: 8M
 Heap Initial Capacity: 254M
 Heap Max Capacity: 4038M
 Pre-touch: Disabled
 Parallel Workers: 10
 Concurrent Workers: 3
 Concurrent Refinement Workers: 10
 Periodic GC: Disabled
Heap:
 garbage-first heap   total 260096K, used 90908K [0x0000000703a00000, 0x0000000800000000)
  region size 2048K, 36 young (73728K), 2 survivors (4096K)
 Metaspace       used 10358K, committed 10560K, reserved 1114112K
  class space    used 725K, committed 832K, reserved 1048576K
GC Heap History (20 events):
Event: 508.082 GC heap before
{Heap before GC invocations=22 (full 0):
 garbage-first heap   total 260096K, used 170552K [0x0000000703a00000, 0x0000000800000000)
  region size 2048K, 76 young (155648K), 2 survivors (4096K)
 Metaspace       used 10275K, committed 10496K, reserved 1114112K
  class space    used 713K, committed 832K, reserved 1048576K
}
Event: 508.094 GC heap after
{Heap after GC invocations=23 (full 0):
 garbage-first heap   total 260096K, used 19112K [0x0000000703a00000, 0x0000000800000000)
  region size 2048K, 2 young (4096K), 2 survivors (4096K)
 Metaspace       used 10275K, committed 10496K, reserved 1114112K
  class space    used 713K, committed 832K, reserved 1048576K
}
Event: 532.400 GC heap before
{Heap before GC invocations=23 (full 0):
 garbage-first heap   total 260096K, used 170664K [0x0000000703a00000, 0x0000000800000000)
  region size 2048K, 76 young (155648K), 2 survivors (4096K)
 Metaspace       used 10275K, committed 10496K, reserved 1114112K
  class space    used 713K, committed 832K, reserved 1048576K
}
Event: 532.414 GC heap after
{Heap after GC invocations=24 (full 0):
 garbage-first heap   total 260096K, used 19118K [0x0000000703a00000, 0x0000000800000000)
  region size 2048K, 2 young (4096K), 2 survivors (4096K)
 Metaspace       used 10275K, committed 10496K, reserved 1114112K
  class space    used 713K, committed 832K, reserved 1048576K
}
Event: 556.971 GC heap before
{Heap before GC invocations=24 (full 0):
 garbage-first heap   total 260096K, used 170670K [0x0000000703a00000, 0x0000000800000000)
  region size 2048K, 76 young (155648K), 2 survivors (4096K)
 Metaspace       used 10275K, committed 10496K, reserved 1114112K
  class space    used 713K, committed 832K, reserved 1048576K
}
Event: 556.985 GC heap after
{Heap after GC invocations=25 (full 0):
 garbage-first heap   total 260096K, used 19006K [0x0000000703a00000, 0x0000000800000000)
  region size 2048K, 2 young (4096K), 2 survivors (4096K)
 Metaspace       used 10275K, committed 10496K, reserved 1114112K
  class space    used 713K, committed 832K, reserved 1048576K
}
Event: 581.695 GC heap before
{Heap before GC invocations=25 (full 0):
 garbage-first heap   total 260096K, used 170558K [0x0000000703a00000, 0x0000000800000000)
  region size 2048K, 76 young (155648K), 2 survivors (4096K)
 Metaspace       used 10275K, committed 10496K, reserved 1114112K
  class space    used 713K, committed 832K, reserved 1048576K
}
Event: 581.707 GC heap after
{Heap after GC invocations=26 (full 0):
 garbage-first heap   total 260096K, used 19233K [0x0000000703a00000, 0x0000000800000000)
  region size 2048K, 2 young (4096K), 2 survivors (4096K)
 Metaspace       used 10275K, committed 10496K, reserved 1114112K
  class space    used 713K, committed 832K, reserved 1048576K
}
Event: 606.125 GC heap before
{Heap before GC invocations=26 (full 0):
 garbage-first heap   total 260096K, used 181025K [0x0000000703a00000, 0x0000000800000000)
  region size 2048K, 76 young (155648K), 2 survivors (4096K)
 Metaspace       used 10275K, committed 10496K, reserved 1114112K
  class space    used 713K, committed 832K, reserved 1048576K
}
Event: 606.137 GC heap after
{Heap after GC invocations=27 (full 0):
 garbage-first heap   total 260096K, used 23217K [0x0000000703a00000, 0x0000000800000000)
  region size 2048K, 2 young (4096K), 2 survivors (4096K)
 Metaspace       used 10275K, committed 10496K, reserved 1114112K
  class space    used 713K, committed 832K, reserved 1048576K
}
Event: 630.421 GC heap before
{Heap before GC invocations=27 (full 0):
 garbage-first heap   total 260096K, used 174769K [0x0000000703a00000, 0x0000000800000000)
  region size 2048K, 76 young (155648K), 2 survivors (4096K)
 Metaspace       used 10275K, committed 10496K, reserved 1114112K
  class space    used 713K, committed 832K, reserved 1048576K
}
Event: 630.432 GC heap after
{Heap after GC invocations=28 (full 0):
 garbage-first heap   total 260096K, used 23102K [0x0000000703a00000, 0x0000000800000000)
  region size 2048K, 2 young (4096K), 2 survivors (4096K)
 Metaspace       used 10275K, committed 10496K, reserved 1114112K
  class space    used 713K, committed 832K, reserved 1048576K
}
Event: 654.720 GC heap before
{Heap before GC invocations=28 (full 0):
 garbage-first heap   total 260096K, used 174654K [0x0000000703a00000, 0x0000000800000000)
  region size 2048K, 76 young (155648K), 2 survivors (4096K)
 Metaspace       used 10275K, committed 10496K, reserved 1114112K
  class space    used 713K, committed 832K, reserved 1048576K
}
Event: 654.732 GC heap after
{Heap after GC invocations=29 (full 0):
 garbage-first heap   total 260096K, used 23208K [0x0000000703a00000, 0x0000000800000000)
  region size 2048K, 2 young (4096K), 2 survivors (4096K)
 Metaspace       used 10275K, committed 10496K, reserved 1114112K
  class space    used 713K, committed 832K, reserved 1048576K
}
Event: 678.922 GC heap before
{Heap before GC invocations=29 (full 0):
 garbage-first heap   total 260096K, used 174760K [0x0000000703a00000, 0x0000000800000000)
  region size 2048K, 76 young (155648K), 2 survivors (4096K)
 Metaspace       used 10275K, committed 10496K, reserved 1114112K
  class space    used 713K, committed 832K, reserved 1048576K
}
Event: 678.929 GC heap after
{Heap after GC invocations=30 (full 0):
 garbage-first heap   total 260096K, used 23322K [0x0000000703a00000, 0x0000000800000000)
  region size 2048K, 2 young (4096K), 2 survivors (4096K)
 Metaspace       used 10275K, committed 10496K, reserved 1114112K
  class space    used 713K, committed 832K, reserved 1048576K
}
Event: 702.769 GC heap before
{Heap before GC invocations=30 (full 0):
 garbage-first heap   total 260096K, used 174874K [0x0000000703a00000, 0x0000000800000000)
  region size 2048K, 76 young (155648K), 2 survivors (4096K)
 Metaspace       used 10275K, committed 10496K, reserved 1114112K
  class space    used 713K, committed 832K, reserved 1048576K
}
Event: 702.781 GC heap after
{Heap after GC invocations=31 (full 0):
 garbage-first heap   total 260096K, used 23095K [0x0000000703a00000, 0x0000000800000000)
  region size 2048K, 2 young (4096K), 2 survivors (4096K)
 Metaspace       used 10275K, committed 10496K, reserved 1114112K
  class space    used 713K, committed 832K, reserved 1048576K
}
Event: 726.701 GC heap before
{Heap before GC invocations=31 (full 0):
 garbage-first heap   total 260096K, used 174647K [0x0000000703a00000, 0x0000000800000000)
  region size 2048K, 76 young (155648K), 2 survivors (4096K)
 Metaspace       used 10275K, committed 10496K, reserved 1114112K
  class space    used 713K, committed 832K, reserved 1048576K
}
Event: 726.712 GC heap after
{Heap after GC invocations=32 (full 0):
 garbage-first heap   total 260096K, used 23324K [0x0000000703a00000, 0x0000000800000000)
  region size 2048K, 2 young (4096K), 2 survivors (4096K)
 Metaspace       used 10275K, committed 10496K, reserved 1114112K
  class space    used 713K, committed 832K, reserved 1048576K
}

